[debug] [2018-11-07T10:07:53.288Z] ----------------------------------------------------------------------
[debug] [2018-11-07T10:07:53.292Z] Command:       /Users/emmanueldemey/.nvm/versions/node/v9.0.0/bin/node /Users/emmanueldemey/.nvm/versions/node/v9.0.0/bin/firebase deploy --only functions
[debug] [2018-11-07T10:07:53.292Z] CLI Version:   4.2.1
[debug] [2018-11-07T10:07:53.292Z] Platform:      darwin
[debug] [2018-11-07T10:07:53.292Z] Node Version:  v9.0.0
[debug] [2018-11-07T10:07:53.293Z] Time:          Wed Nov 07 2018 11:07:53 GMT+0100 (CET)
[debug] [2018-11-07T10:07:53.293Z] ----------------------------------------------------------------------
[debug] 
[debug] [2018-11-07T10:07:53.309Z] > command requires scopes: ["email","openid","https://www.googleapis.com/auth/cloudplatformprojects.readonly","https://www.googleapis.com/auth/firebase","https://www.googleapis.com/auth/cloud-platform"]
[debug] [2018-11-07T10:07:53.309Z] > authorizing via signed-in user
[debug] [2018-11-07T10:07:53.311Z] >>> HTTP REQUEST GET https://admin.firebase.com/v1/projects/codelab-firebase-b1a97  
 
[debug] [2018-11-07T10:07:54.099Z] <<< HTTP RESPONSE 200
[info] 
[info] === Deploying to 'codelab-firebase-b1a97'...
[info] 
[info] i  deploying functions
[debug] [2018-11-07T10:07:56.420Z] > [functions] package.json contents: {
  "name": "functions",
  "description": "Cloud Functions for Firebase",
  "scripts": {
    "serve": "firebase serve --only functions",
    "shell": "firebase functions:shell",
    "start": "npm run shell",
    "deploy": "firebase deploy --only functions",
    "logs": "firebase functions:log"
  },
  "dependencies": {
    "firebase-admin": "~6.0.0",
    "firebase-functions": "^2.0.3",
    "jsdom": "13.0.0",
    "node-fetch": "2.2.1",
    "then-request": "6.0.0"
  },
  "private": true,
  "engines": {
    "node": "8"
  }
}
[info] i  functions: ensuring necessary APIs are enabled...
[debug] [2018-11-07T10:07:56.421Z] >>> HTTP REQUEST GET https://servicemanagement.googleapis.com/v1/services/cloudfunctions.googleapis.com/projectSettings/codelab-firebase-b1a97?view=CONSUMER_VIEW  
 
[debug] [2018-11-07T10:07:56.421Z] >>> HTTP REQUEST GET https://servicemanagement.googleapis.com/v1/services/runtimeconfig.googleapis.com/projectSettings/codelab-firebase-b1a97?view=CONSUMER_VIEW  
 
[debug] [2018-11-07T10:07:57.918Z] <<< HTTP RESPONSE 200
[debug] [2018-11-07T10:09:12.114Z] Error: connect ETIMEDOUT 216.58.205.10:443
    at Object._errnoException (util.js:1031:13)
    at _exceptionWithHostPort (util.js:1052:20)
    at TCPConnectWrap.afterConnect [as oncomplete] (net.js:1195:14)
[error] 
[error] Error: Server Error. connect ETIMEDOUT 216.58.205.10:443
