[debug] [2018-11-07T10:56:50.388Z] ----------------------------------------------------------------------
[debug] [2018-11-07T10:56:50.389Z] Command:       /Users/emmanueldemey/.nvm/versions/node/v9.0.0/bin/node /Users/emmanueldemey/.nvm/versions/node/v9.0.0/bin/firebase serve --only functions
[debug] [2018-11-07T10:56:50.390Z] CLI Version:   4.2.1
[debug] [2018-11-07T10:56:50.390Z] Platform:      darwin
[debug] [2018-11-07T10:56:50.390Z] Node Version:  v9.0.0
[debug] [2018-11-07T10:56:50.390Z] Time:          Wed Nov 07 2018 11:56:50 GMT+0100 (CET)
[debug] [2018-11-07T10:56:50.390Z] ----------------------------------------------------------------------
[debug] 
[debug] [2018-11-07T10:56:50.399Z] > command requires scopes: ["email","openid","https://www.googleapis.com/auth/cloudplatformprojects.readonly","https://www.googleapis.com/auth/firebase","https://www.googleapis.com/auth/cloud-platform"]
[debug] [2018-11-07T10:56:50.399Z] > authorizing via signed-in user
[debug] [2018-11-07T10:56:50.401Z] >>> HTTP REQUEST GET https://admin.firebase.com/v1/projects/codelab-firebase-b1a97  
 
[debug] [2018-11-07T10:56:51.413Z] <<< HTTP RESPONSE 200
[debug] [2018-11-07T10:56:51.414Z] >>> HTTP REQUEST GET https://cloudresourcemanager.googleapis.com/v1/projects/codelab-firebase-b1a97  
 
[debug] [2018-11-07T10:56:52.368Z] <<< HTTP RESPONSE 200
[info] 
[info] === Serving from '/Users/emmanueldemey/Documents/workspaces/oss/nc-firebase/corrections'...
[info] 
[info] i  functions: Preparing to emulate functions.
[debug] [2018-11-07T10:56:52.999Z] Fetching environment
[debug] [2018-11-07T10:56:53.003Z] >>> HTTP REQUEST GET https://mobilesdk-pa.googleapis.com/v1/projects/918664590933:getServerAppConfig  
 
[debug] [2018-11-07T10:56:53.307Z] <<< HTTP RESPONSE 200
[debug] [2018-11-07T10:56:53.307Z] Starting @google-cloud/functions-emulator
[debug] [2018-11-07T10:56:54.339Z] Parsing function triggers
[info] ✔  functions: contributions: http://localhost:5000/codelab-firebase-b1a97/us-central1/contributions
